Using pre-set license
Built from '2020.3/staging' branch; Version is '2020.3.30f1 (1fb1bf06830e) revision 2077119'; Using compiler version '192528614'; Build Type 'Release'
OS: 'Windows 10  (10.0.19044) 64bit Professional' Language: 'tr' Physical Memory: 8107 MB
BatchMode: 1, IsHumanControllingUs: 0, StartBugReporterOnCrash: 0, Is64bit: 1, IsPro: 0

COMMAND LINE ARGUMENTS:
C:\Program Files\Unity\Hub\Editor\2020.3.30f1\Editor\Unity.exe
-adb2
-batchMode
-noUpm
-name
AssetImportWorker0
-projectPath
C:/Users/borak/Documents/GitHub/2048MFB
-logFile
Logs/AssetImportWorker0.log
-srvPort
64278
Successfully changed project path to: C:/Users/borak/Documents/GitHub/2048MFB
C:/Users/borak/Documents/GitHub/2048MFB
Using Asset Import Pipeline V2.
Platform WindowsStandaloneSupport does not support graphics device type 
Refreshing native plugins compatible for Editor in 20.71 ms, found 2 plugins.
Preloading 0 native plugins for Editor in 0.00 ms.
Initialize engine version: 2020.3.30f1 (1fb1bf06830e)
[Subsystems] Discovering subsystems at path C:/Program Files/Unity/Hub/Editor/2020.3.30f1/Editor/Data/Resources/UnitySubsystems
[Subsystems] Discovering subsystems at path C:/Users/borak/Documents/GitHub/2048MFB/Assets
GfxDevice: creating device client; threaded=0
Direct3D:
    Version:  Direct3D 11.0 [level 11.1]
    Renderer: NVIDIA GeForce GTX 1050 Ti (ID=0x1c82)
    Vendor:   
    VRAM:     4018 MB
    Driver:   30.0.15.1277
Initialize mono
Mono path[0] = 'C:/Program Files/Unity/Hub/Editor/2020.3.30f1/Editor/Data/Managed'
Mono path[1] = 'C:/Program Files/Unity/Hub/Editor/2020.3.30f1/Editor/Data/MonoBleedingEdge/lib/mono/unityjit'
Mono config path = 'C:/Program Files/Unity/Hub/Editor/2020.3.30f1/Editor/Data/MonoBleedingEdge/etc'
Using monoOptions --debugger-agent=transport=dt_socket,embedding=1,server=y,suspend=n,address=127.0.0.1:56748
Begin MonoManager ReloadAssembly
Registering precompiled unity dll's ...
Register platform support module: C:/Program Files/Unity/Hub/Editor/2020.3.30f1/Editor/Data/PlaybackEngines/WebGLSupport/UnityEditor.WebGL.Extensions.dll
Register platform support module: C:/Program Files/Unity/Hub/Editor/2020.3.30f1/Editor/Data/PlaybackEngines/WindowsStandaloneSupport/UnityEditor.WindowsStandalone.Extensions.dll
Registered in 0.001610 seconds.
Native extension for WindowsStandalone target not found
Native extension for WebGL target not found
Refreshing native plugins compatible for Editor in 19.59 ms, found 2 plugins.
Preloading 0 native plugins for Editor in 0.00 ms.
Mono: successfully reloaded assembly
- Completed reload, in  0.369 seconds
Domain Reload Profiling:
	ReloadAssembly (370ms)
		BeginReloadAssembly (44ms)
			ExecutionOrderSort (0ms)
			DisableScriptedObjects (0ms)
			BackupInstance (0ms)
			ReleaseScriptingObjects (0ms)
			CreateAndSetChildDomain (1ms)
		EndReloadAssembly (278ms)
			LoadAssemblies (43ms)
			RebuildTransferFunctionScriptingTraits (0ms)
			SetupTypeCache (88ms)
			ReleaseScriptCaches (0ms)
			RebuildScriptCaches (18ms)
			SetupLoadedEditorAssemblies (108ms)
				LogAssemblyErrors (0ms)
				InitializePlatformSupportModulesInManaged (4ms)
				SetLoadedEditorAssemblies (0ms)
				RefreshPlugins (20ms)
				BeforeProcessingInitializeOnLoad (10ms)
				ProcessInitializeOnLoadAttributes (56ms)
				ProcessInitializeOnLoadMethodAttributes (18ms)
				AfterProcessingInitializeOnLoad (0ms)
				EditorAssembliesLoaded (0ms)
			ExecutionOrderSort2 (0ms)
			AwakeInstancesAfterBackupRestoration (0ms)
Platform modules already initialized, skipping
Registering precompiled user dll's ...
Registered in 0.001887 seconds.
Begin MonoManager ReloadAssembly
Native extension for WindowsStandalone target not found
Native extension for WebGL target not found
Refreshing native plugins compatible for Editor in 0.73 ms, found 2 plugins.
Preloading 0 native plugins for Editor in 0.00 ms.
Mono: successfully reloaded assembly
- Completed reload, in  0.645 seconds
Domain Reload Profiling:
	ReloadAssembly (645ms)
		BeginReloadAssembly (98ms)
			ExecutionOrderSort (0ms)
			DisableScriptedObjects (3ms)
			BackupInstance (0ms)
			ReleaseScriptingObjects (0ms)
			CreateAndSetChildDomain (13ms)
		EndReloadAssembly (508ms)
			LoadAssemblies (63ms)
			RebuildTransferFunctionScriptingTraits (0ms)
			SetupTypeCache (157ms)
			ReleaseScriptCaches (0ms)
			RebuildScriptCaches (23ms)
			SetupLoadedEditorAssemblies (213ms)
				LogAssemblyErrors (0ms)
				InitializePlatformSupportModulesInManaged (5ms)
				SetLoadedEditorAssemblies (0ms)
				RefreshPlugins (1ms)
				BeforeProcessingInitializeOnLoad (54ms)
				ProcessInitializeOnLoadAttributes (143ms)
				ProcessInitializeOnLoadMethodAttributes (6ms)
				AfterProcessingInitializeOnLoad (5ms)
				EditorAssembliesLoaded (0ms)
			ExecutionOrderSort2 (0ms)
			AwakeInstancesAfterBackupRestoration (4ms)
Platform modules already initialized, skipping
========================================================================
Worker process is ready to serve import requests
Platform WindowsStandaloneSupport does not support graphics device type 
Launched and connected shader compiler UnityShaderCompiler.exe after 0.04 seconds
Refreshing native plugins compatible for Editor in 0.31 ms, found 2 plugins.
Preloading 0 native plugins for Editor in 0.00 ms.
Unloading 1506 Unused Serialized files (Serialized files now loaded: 0)
System memory in use before: 67.8 MB.
System memory in use after: 67.8 MB.

Unloading 16 unused Assets to reduce memory usage. Loaded Objects now: 1939.
Total: 2.129600 ms (FindLiveObjects: 0.088000 ms CreateObjectMapping: 0.030500 ms MarkObjects: 1.963000 ms  DeleteObjects: 0.047500 ms)

AssetImportParameters requested are different than current active one (requested -> active):
  custom:framework-win-MediaFoundation: 216162199b28c13a410421893ffa2e32 -> 
  custom:video-decoder-ogg-theora: a1e56fd34408186e4bbccfd4996cb3dc -> 
  custom:container-muxer-webm: aa71ff27fc2769a1b78a27578f13a17b -> 
  custom:container-demuxer-webm: 4f35f7cbe854078d1ac9338744f61a02 -> 
  custom:container-demuxer-ogg: 62fdf1f143b41e24485cea50d1cbac27 -> 
  custom:video-encoder-webm-vp8: eb34c28f22e8b96e1ab97ce403110664 -> 
  custom:video-decoder-webm-vp8: 9c59270c3fd7afecdb556c50c9e8de78 -> 
  custom:audio-decoder-ogg-vorbis: bf7c407c2cedff20999df2af8eb42d56 -> 
  custom:audio-encoder-webm-vorbis: bf7c407c2cedff20999df2af8eb42d56 -> 
========================================================================
Received Import Request.
  path: Assets/Scenes/GameScene.unity
  artifactKey: Guid(ada05ced22c008f4fbd8ec11570d55ab) Importer(815301076,1909f56bfc062723c751e8b465ee728b)
Start importing Assets/Scenes/GameScene.unity using Guid(ada05ced22c008f4fbd8ec11570d55ab) Importer(815301076,1909f56bfc062723c751e8b465ee728b)  -> (artifact id: 'c4b87c22b34a27a73086a7a0efb5be59') in 0.014433 seconds 
========================================================================
Received Import Request.
  Time since last request: 0.000111 seconds.
  path: Assets/Scenes
  artifactKey: Guid(b428bd55b5ede854fb42ff9a57b62268) Importer(815301076,1909f56bfc062723c751e8b465ee728b)
Start importing Assets/Scenes using Guid(b428bd55b5ede854fb42ff9a57b62268) Importer(815301076,1909f56bfc062723c751e8b465ee728b)  -> (artifact id: 'c546e5a92e557386dcfbb4281c0de267') in 0.004730 seconds 
========================================================================
Received Import Request.
  Time since last request: 113.463756 seconds.
  path: Assets/Prefabs/2.prefab
  artifactKey: Guid(a63e4fabf5943af44a2ab274bed4e9a3) Importer(815301076,1909f56bfc062723c751e8b465ee728b)
Start importing Assets/Prefabs/2.prefab using Guid(a63e4fabf5943af44a2ab274bed4e9a3) Importer(815301076,1909f56bfc062723c751e8b465ee728b)  -> (artifact id: 'b55be67e17bbca6f8e7aaada79f662af') in 0.059767 seconds 
========================================================================
Received Import Request.
  Time since last request: 0.000105 seconds.
  path: Assets/Prefabs/1024.prefab
  artifactKey: Guid(961a2f8aea644f549b271924d9ab8e99) Importer(815301076,1909f56bfc062723c751e8b465ee728b)
Start importing Assets/Prefabs/1024.prefab using Guid(961a2f8aea644f549b271924d9ab8e99) Importer(815301076,1909f56bfc062723c751e8b465ee728b)  -> (artifact id: '0df9398dfc95b0384132b2bf1670d8ac') in 0.012197 seconds 
========================================================================
Received Import Request.
  Time since last request: 0.000092 seconds.
  path: Assets/Prefabs/256.prefab
  artifactKey: Guid(85dbe1fe567d1244ebe9a0e0e4e557fa) Importer(815301076,1909f56bfc062723c751e8b465ee728b)
Start importing Assets/Prefabs/256.prefab using Guid(85dbe1fe567d1244ebe9a0e0e4e557fa) Importer(815301076,1909f56bfc062723c751e8b465ee728b)  -> (artifact id: 'de8552adfc4e325b0562a76618adc625') in 0.009654 seconds 
========================================================================
Received Import Request.
  Time since last request: 0.000120 seconds.
  path: Assets/Prefabs/NoTile.prefab
  artifactKey: Guid(a75f7d8cc56b74672984c18c4b744c73) Importer(815301076,1909f56bfc062723c751e8b465ee728b)
Start importing Assets/Prefabs/NoTile.prefab using Guid(a75f7d8cc56b74672984c18c4b744c73) Importer(815301076,1909f56bfc062723c751e8b465ee728b)  -> (artifact id: '160eb161733c4c35af88a053960573b0') in 0.005548 seconds 
========================================================================
Received Import Request.
  Time since last request: 0.000092 seconds.
  path: Assets/Prefabs/32.prefab
  artifactKey: Guid(e82d176c58e7c8b4ca7a29634c4d1522) Importer(815301076,1909f56bfc062723c751e8b465ee728b)
Start importing Assets/Prefabs/32.prefab using Guid(e82d176c58e7c8b4ca7a29634c4d1522) Importer(815301076,1909f56bfc062723c751e8b465ee728b)  -> (artifact id: '41a6e37ca365c65d5b053dc54a19a2c4') in 0.008520 seconds 
========================================================================
Received Import Request.
  Time since last request: 0.000099 seconds.
  path: Assets/Prefabs/8.prefab
  artifactKey: Guid(f15017b02d568b944b392ca919ed6f49) Importer(815301076,1909f56bfc062723c751e8b465ee728b)
Start importing Assets/Prefabs/8.prefab using Guid(f15017b02d568b944b392ca919ed6f49) Importer(815301076,1909f56bfc062723c751e8b465ee728b)  -> (artifact id: '86f1cb96867aa341b6785e02dc31059f') in 0.008467 seconds 
========================================================================
Received Import Request.
  Time since last request: 0.000093 seconds.
  path: Assets/Prefabs/16.prefab
  artifactKey: Guid(c25d83339bcee5244a415d07e7acb8b8) Importer(815301076,1909f56bfc062723c751e8b465ee728b)
Start importing Assets/Prefabs/16.prefab using Guid(c25d83339bcee5244a415d07e7acb8b8) Importer(815301076,1909f56bfc062723c751e8b465ee728b)  -> (artifact id: 'bc17b1943a1b1283be60c5b375f13ef9') in 0.008880 seconds 
========================================================================
Received Import Request.
  Time since last request: 0.000100 seconds.
  path: Assets/Prefabs/128.prefab
  artifactKey: Guid(e75acc1a25f3007458f94ea83d1da50d) Importer(815301076,1909f56bfc062723c751e8b465ee728b)
Start importing Assets/Prefabs/128.prefab using Guid(e75acc1a25f3007458f94ea83d1da50d) Importer(815301076,1909f56bfc062723c751e8b465ee728b)  -> (artifact id: '325ff704067fb4318eb3fd1c76dc06d4') in 0.007804 seconds 
========================================================================
Received Import Request.
  Time since last request: 0.000097 seconds.
  path: Assets/Prefabs/4.prefab
  artifactKey: Guid(7dc61a94de7560941909f34f984d75ac) Importer(815301076,1909f56bfc062723c751e8b465ee728b)
Start importing Assets/Prefabs/4.prefab using Guid(7dc61a94de7560941909f34f984d75ac) Importer(815301076,1909f56bfc062723c751e8b465ee728b)  -> (artifact id: 'e60afa35e17083883823fd5785d8dca5') in 0.008324 seconds 
========================================================================
Received Import Request.
  Time since last request: 0.000089 seconds.
  path: Assets/Prefabs/Cell.prefab
  artifactKey: Guid(38f5258f4cb80f84eb25fa9947c43686) Importer(815301076,1909f56bfc062723c751e8b465ee728b)
Start importing Assets/Prefabs/Cell.prefab using Guid(38f5258f4cb80f84eb25fa9947c43686) Importer(815301076,1909f56bfc062723c751e8b465ee728b)  -> (artifact id: '5ee46581e9476e42e33fec9999d0ee81') in 0.045692 seconds 
========================================================================
Received Import Request.
  Time since last request: 0.000106 seconds.
  path: Assets/Prefabs/64.prefab
  artifactKey: Guid(2de5683b33c9d904ab0216eb7630ee5f) Importer(815301076,1909f56bfc062723c751e8b465ee728b)
Start importing Assets/Prefabs/64.prefab using Guid(2de5683b33c9d904ab0216eb7630ee5f) Importer(815301076,1909f56bfc062723c751e8b465ee728b)  -> (artifact id: '4470fc4faa5dbd806c10ac7a5e02604b') in 0.007737 seconds 
========================================================================
Received Import Request.
  Time since last request: 0.000110 seconds.
  path: Assets/Prefabs/512.prefab
  artifactKey: Guid(0eb939ec6498d5e4fa82447ccfb248bb) Importer(815301076,1909f56bfc062723c751e8b465ee728b)
Start importing Assets/Prefabs/512.prefab using Guid(0eb939ec6498d5e4fa82447ccfb248bb) Importer(815301076,1909f56bfc062723c751e8b465ee728b)  -> (artifact id: '71e668ecee185efd860f35da45e71c80') in 0.008521 seconds 
========================================================================
Received Import Request.
  Time since last request: 0.000107 seconds.
  path: Assets/Prefabs/2048.prefab
  artifactKey: Guid(1dbcafcd2a9d9184b9c799c1eb3aaf8b) Importer(815301076,1909f56bfc062723c751e8b465ee728b)
Start importing Assets/Prefabs/2048.prefab using Guid(1dbcafcd2a9d9184b9c799c1eb3aaf8b) Importer(815301076,1909f56bfc062723c751e8b465ee728b)  -> (artifact id: '8f8b1f6290f3e2a4985f8232270ed104') in 0.009475 seconds 
========================================================================
Received Prepare
Platform WindowsStandaloneSupport does not support graphics device type 
Registering precompiled user dll's ...
Registered in 0.002225 seconds.
Begin MonoManager ReloadAssembly
Native extension for WindowsStandalone target not found
Native extension for WebGL target not found
Refreshing native plugins compatible for Editor in 0.28 ms, found 2 plugins.
Preloading 0 native plugins for Editor in 0.00 ms.
Mono: successfully reloaded assembly
- Completed reload, in  0.576 seconds
Domain Reload Profiling:
	ReloadAssembly (576ms)
		BeginReloadAssembly (78ms)
			ExecutionOrderSort (0ms)
			DisableScriptedObjects (3ms)
			BackupInstance (0ms)
			ReleaseScriptingObjects (0ms)
			CreateAndSetChildDomain (21ms)
		EndReloadAssembly (459ms)
			LoadAssemblies (61ms)
			RebuildTransferFunctionScriptingTraits (0ms)
			SetupTypeCache (149ms)
			ReleaseScriptCaches (1ms)
			RebuildScriptCaches (21ms)
			SetupLoadedEditorAssemblies (181ms)
				LogAssemblyErrors (0ms)
				InitializePlatformSupportModulesInManaged (4ms)
				SetLoadedEditorAssemblies (0ms)
				RefreshPlugins (0ms)
				BeforeProcessingInitializeOnLoad (49ms)
				ProcessInitializeOnLoadAttributes (118ms)
				ProcessInitializeOnLoadMethodAttributes (5ms)
				AfterProcessingInitializeOnLoad (5ms)
				EditorAssembliesLoaded (0ms)
			ExecutionOrderSort2 (0ms)
			AwakeInstancesAfterBackupRestoration (4ms)
Platform modules already initialized, skipping
Refreshing native plugins compatible for Editor in 0.20 ms, found 2 plugins.
Preloading 0 native plugins for Editor in 0.00 ms.
Unloading 1500 Unused Serialized files (Serialized files now loaded: 0)
System memory in use before: 71.1 MB.
System memory in use after: 71.2 MB.

Unloading 11 unused Assets to reduce memory usage. Loaded Objects now: 1950.
Total: 2.052600 ms (FindLiveObjects: 0.074900 ms CreateObjectMapping: 0.032500 ms MarkObjects: 1.933100 ms  DeleteObjects: 0.011500 ms)

AssetImportParameters requested are different than current active one (requested -> active):
  custom:framework-win-MediaFoundation: 216162199b28c13a410421893ffa2e32 -> 
  custom:video-decoder-ogg-theora: a1e56fd34408186e4bbccfd4996cb3dc -> 
  custom:container-muxer-webm: aa71ff27fc2769a1b78a27578f13a17b -> 
  custom:container-demuxer-webm: 4f35f7cbe854078d1ac9338744f61a02 -> 
  custom:container-demuxer-ogg: 62fdf1f143b41e24485cea50d1cbac27 -> 
  custom:video-encoder-webm-vp8: eb34c28f22e8b96e1ab97ce403110664 -> 
  custom:video-decoder-webm-vp8: 9c59270c3fd7afecdb556c50c9e8de78 -> 
  custom:audio-decoder-ogg-vorbis: bf7c407c2cedff20999df2af8eb42d56 -> 
  custom:audio-encoder-webm-vorbis: bf7c407c2cedff20999df2af8eb42d56 -> 
========================================================================
Received Import Request.
  Time since last request: 26.219773 seconds.
  path: Assets/Prefabs/2.prefab
  artifactKey: Guid(a63e4fabf5943af44a2ab274bed4e9a3) Importer(815301076,1909f56bfc062723c751e8b465ee728b)
Start importing Assets/Prefabs/2.prefab using Guid(a63e4fabf5943af44a2ab274bed4e9a3) Importer(815301076,1909f56bfc062723c751e8b465ee728b)  -> (artifact id: 'f46575f24708aef87e8245b998f21d87') in 0.038134 seconds 
========================================================================
Received Import Request.
  Time since last request: 2.079261 seconds.
  path: Assets/Prefabs/2.prefab
  artifactKey: Guid(a63e4fabf5943af44a2ab274bed4e9a3) Importer(815301076,1909f56bfc062723c751e8b465ee728b)
Start importing Assets/Prefabs/2.prefab using Guid(a63e4fabf5943af44a2ab274bed4e9a3) Importer(815301076,1909f56bfc062723c751e8b465ee728b)  -> (artifact id: '816dabffa8543f4b1c56629d948c613d') in 0.008961 seconds 
AssetImportWorkerClient::OnTransportError - code=2 error=End of file
